C:\USERS\LINDSEY\DOCUMENTS\GITHUB\MYPT\MYPT2.0\BUILD\OBJ\DEBUG\DOTSPOT\CH6_03.OBJ
C:\USERS\LINDSEY\DOCUMENTS\GITHUB\MYPT\MYPT2.0\BUILD\OBJ\DEBUG\DOTSPOT\GLUTILITIES.OBJ
C:\USERS\LINDSEY\DOCUMENTS\GITHUB\MYPT\MYPT2.0\BUILD\OBJ\DEBUG\DOTSPOT\TEXTUREMANAGER.OBJ
C:\USERS\LINDSEY\DOCUMENTS\GITHUB\MYPT\MYPT2.0\BUILD\OBJ\DEBUG\DOTSPOT\VC110.PDB
C:\USERS\LINDSEY\DOCUMENTS\GITHUB\MYPT\MYPT2.0\BIN\DOTSPOT_D.ILK
C:\USERS\LINDSEY\DOCUMENTS\GITHUB\MYPT\MYPT2.0\BIN\DOTSPOT_D.EXE
C:\USERS\LINDSEY\DOCUMENTS\GITHUB\MYPT\MYPT2.0\BIN\DOTSPOT_D.PDB
C:\Users\Lindsey\Documents\GitHub\myPT\myPT2.0\build\obj\Debug\DotSpot\GLUtilities.obj
C:\Users\Lindsey\Documents\GitHub\myPT\myPT2.0\build\obj\Debug\DotSpot\TextureManager.obj
C:\Users\Lindsey\Documents\GitHub\myPT\myPT2.0\build\obj\Debug\DotSpot\cl.command.1.tlog
C:\Users\Lindsey\Documents\GitHub\myPT\myPT2.0\build\obj\Debug\DotSpot\CL.read.1.tlog
C:\Users\Lindsey\Documents\GitHub\myPT\myPT2.0\build\obj\Debug\DotSpot\CL.write.1.tlog
C:\Users\Lindsey\Documents\GitHub\myPT\myPT2.0\build\obj\Debug\DotSpot\link-cvtres.read.1.tlog
C:\Users\Lindsey\Documents\GitHub\myPT\myPT2.0\build\obj\Debug\DotSpot\link-cvtres.write.1.tlog
C:\Users\Lindsey\Documents\GitHub\myPT\myPT2.0\build\obj\Debug\DotSpot\link-rc.read.1.tlog
C:\Users\Lindsey\Documents\GitHub\myPT\myPT2.0\build\obj\Debug\DotSpot\link-rc.write.1.tlog
C:\Users\Lindsey\Documents\GitHub\myPT\myPT2.0\build\obj\Debug\DotSpot\link.10104-cvtres.read.1.tlog
C:\Users\Lindsey\Documents\GitHub\myPT\myPT2.0\build\obj\Debug\DotSpot\link.10104-cvtres.write.1.tlog
C:\Users\Lindsey\Documents\GitHub\myPT\myPT2.0\build\obj\Debug\DotSpot\link.10104-rc.read.1.tlog
C:\Users\Lindsey\Documents\GitHub\myPT\myPT2.0\build\obj\Debug\DotSpot\link.10104-rc.write.1.tlog
C:\Users\Lindsey\Documents\GitHub\myPT\myPT2.0\build\obj\Debug\DotSpot\link.10104.read.1.tlog
C:\Users\Lindsey\Documents\GitHub\myPT\myPT2.0\build\obj\Debug\DotSpot\link.10104.write.1.tlog
C:\Users\Lindsey\Documents\GitHub\myPT\myPT2.0\build\obj\Debug\DotSpot\link.12216-cvtres.read.1.tlog
C:\Users\Lindsey\Documents\GitHub\myPT\myPT2.0\build\obj\Debug\DotSpot\link.12216-cvtres.write.1.tlog
C:\Users\Lindsey\Documents\GitHub\myPT\myPT2.0\build\obj\Debug\DotSpot\link.12216-rc.read.1.tlog
C:\Users\Lindsey\Documents\GitHub\myPT\myPT2.0\build\obj\Debug\DotSpot\link.12216-rc.write.1.tlog
C:\Users\Lindsey\Documents\GitHub\myPT\myPT2.0\build\obj\Debug\DotSpot\link.12216.read.1.tlog
C:\Users\Lindsey\Documents\GitHub\myPT\myPT2.0\build\obj\Debug\DotSpot\link.12216.write.1.tlog
C:\Users\Lindsey\Documents\GitHub\myPT\myPT2.0\build\obj\Debug\DotSpot\link.2368-cvtres.read.1.tlog
C:\Users\Lindsey\Documents\GitHub\myPT\myPT2.0\build\obj\Debug\DotSpot\link.2368-cvtres.write.1.tlog
C:\Users\Lindsey\Documents\GitHub\myPT\myPT2.0\build\obj\Debug\DotSpot\link.2368-rc.read.1.tlog
C:\Users\Lindsey\Documents\GitHub\myPT\myPT2.0\build\obj\Debug\DotSpot\link.2368-rc.write.1.tlog
C:\Users\Lindsey\Documents\GitHub\myPT\myPT2.0\build\obj\Debug\DotSpot\link.2368.read.1.tlog
C:\Users\Lindsey\Documents\GitHub\myPT\myPT2.0\build\obj\Debug\DotSpot\link.2368.write.1.tlog
C:\Users\Lindsey\Documents\GitHub\myPT\myPT2.0\build\obj\Debug\DotSpot\link.7496-cvtres.read.1.tlog
C:\Users\Lindsey\Documents\GitHub\myPT\myPT2.0\build\obj\Debug\DotSpot\link.7496-cvtres.write.1.tlog
C:\Users\Lindsey\Documents\GitHub\myPT\myPT2.0\build\obj\Debug\DotSpot\link.7496-rc.read.1.tlog
C:\Users\Lindsey\Documents\GitHub\myPT\myPT2.0\build\obj\Debug\DotSpot\link.7496-rc.write.1.tlog
C:\Users\Lindsey\Documents\GitHub\myPT\myPT2.0\build\obj\Debug\DotSpot\link.7496.read.1.tlog
C:\Users\Lindsey\Documents\GitHub\myPT\myPT2.0\build\obj\Debug\DotSpot\link.7496.write.1.tlog
C:\Users\Lindsey\Documents\GitHub\myPT\myPT2.0\build\obj\Debug\DotSpot\link.9172-cvtres.read.1.tlog
C:\Users\Lindsey\Documents\GitHub\myPT\myPT2.0\build\obj\Debug\DotSpot\link.9172-cvtres.write.1.tlog
C:\Users\Lindsey\Documents\GitHub\myPT\myPT2.0\build\obj\Debug\DotSpot\link.9172-rc.read.1.tlog
C:\Users\Lindsey\Documents\GitHub\myPT\myPT2.0\build\obj\Debug\DotSpot\link.9172-rc.write.1.tlog
C:\Users\Lindsey\Documents\GitHub\myPT\myPT2.0\build\obj\Debug\DotSpot\link.9172.read.1.tlog
C:\Users\Lindsey\Documents\GitHub\myPT\myPT2.0\build\obj\Debug\DotSpot\link.9172.write.1.tlog
C:\Users\Lindsey\Documents\GitHub\myPT\myPT2.0\build\obj\Debug\DotSpot\link.command.1.tlog
C:\Users\Lindsey\Documents\GitHub\myPT\myPT2.0\build\obj\Debug\DotSpot\link.read.1.tlog
C:\Users\Lindsey\Documents\GitHub\myPT\myPT2.0\build\obj\Debug\DotSpot\link.write.1.tlog
C:\Users\Lindsey\Documents\GitHub\myPT\myPT2.0\build\obj\Debug\DotSpot\vc110.idb
C:\Users\Lindsey\Documents\GitHub\myPT\myPT2.0\build\obj\Debug\DotSpot\vc110.pdb
C:\Users\Lindsey\Documents\GitHub\myPT\myPT2.0\build\..\bin\DotSpot_d.exe
